[2019-08-30 17:17:43.13][MDP][023432][MYSQL][]
SHOW VARIABLES LIKE 'lower_case_%'

[2019-08-30 17:17:43.28][MDP][023432][MYSQL][]
SHOW VARIABLES LIKE 'sql_mode'

[2019-08-30 17:53:14.345][MDP][023432][MYSQL][]
SELECT COUNT(*) FROM information_schema.TABLES WHERE TABLE_SCHEMA = 'mdp210' UNION SELECT COUNT(*) FROM information_schema.COLUMNS WHERE TABLE_SCHEMA = 'mdp210' UNION SELECT COUNT(*) FROM information_schema.ROUTINES WHERE ROUTINE_SCHEMA = 'mdp210'

[2019-08-30 17:53:14.429][MDP][023432][MYSQL][]
SELECT TABLE_SCHEMA, TABLE_NAME, TABLE_TYPE FROM information_schema.TABLES WHERE TABLE_SCHEMA = 'mdp210' ORDER BY TABLE_SCHEMA, TABLE_TYPE

[2019-08-30 17:53:14.516][MDP][023432][MYSQL][]
SELECT TABLE_SCHEMA, TABLE_NAME, COLUMN_NAME, COLUMN_TYPE FROM information_schema.COLUMNS WHERE TABLE_SCHEMA = 'mdp210' ORDER BY TABLE_SCHEMA, TABLE_NAME

[2019-08-30 17:53:14.7][MDP][023432][MYSQL][]
SELECT DISTINCT ROUTINE_SCHEMA, ROUTINE_NAME, PARAMS.PARAMETER FROM information_schema.ROUTINES LEFT JOIN ( SELECT SPECIFIC_SCHEMA, SPECIFIC_NAME, GROUP_CONCAT(CONCAT(DATA_TYPE, ' ', PARAMETER_NAME) ORDER BY ORDINAL_POSITION SEPARATOR ', ') PARAMETER, ROUTINE_TYPE FROM information_schema.PARAMETERS GROUP BY SPECIFIC_SCHEMA, SPECIFIC_NAME, ROUTINE_TYPE ) PARAMS ON ROUTINES.ROUTINE_SCHEMA = PARAMS.SPECIFIC_SCHEMA AND ROUTINES.ROUTINE_NAME = PARAMS.SPECIFIC_NAME AND ROUTINES.ROUTINE_TYPE = PARAMS.ROUTINE_TYPE WHERE ROUTINE_SCHEMA = 'mdp210' ORDER BY ROUTINE_SCHEMA

[2019-08-30 17:53:14.701][MDP][023457][MYSQL][]
SHOW FULL TABLES WHERE Table_type != 'VIEW'

[2019-08-30 17:53:14.815][MDP][023457][MYSQL][]
SHOW TABLE STATUS

[2019-08-30 17:53:23.347][MDP][023432][MYSQL][]
SELECT * FROM `mdp210`.`mdp_sys_support` LIMIT 0,1000

[2019-08-30 17:53:23.463][MDP][023457][MYSQL][]
SHOW COLUMNS FROM `mdp210`.`mdp_sys_support`

[2019-08-30 17:53:23.516][MDP][023432][MYSQL][]
SHOW TABLE STATUS LIKE 'mdp_sys_support'

[2019-08-30 17:53:23.58][MDP][023432][MYSQL][]
SHOW CREATE TABLE `mdp210`.`mdp_sys_support`

