[2020-11-13 15:19:36][AI^2][941021][MYSQL][]
SHOW VARIABLES LIKE 'lower_case_%'; SHOW VARIABLES LIKE 'sql_mode'; SELECT COUNT(*) AS support_ndb FROM information_schema.ENGINES WHERE Engine = 'ndbcluster'

[2020-11-13 15:19:43][AI^2][941021][MYSQL][]
SELECT COUNT(*) FROM information_schema.TABLES WHERE TABLE_SCHEMA = 'mdp_test_v231' UNION SELECT COUNT(*) FROM information_schema.COLUMNS WHERE TABLE_SCHEMA = 'mdp_test_v231' UNION SELECT COUNT(*) FROM information_schema.ROUTINES WHERE ROUTINE_SCHEMA = 'mdp_test_v231'

[2020-11-13 15:19:45][AI^2][941021][MYSQL][]
Cannot load from mysql.proc. The table is probably corrupted

[2020-11-13 15:19:45][AI^2][941021][MYSQL][]
SELECT TABLE_SCHEMA, TABLE_NAME, TABLE_TYPE FROM information_schema.TABLES WHERE TABLE_SCHEMA = 'mdp_test_v231' ORDER BY TABLE_SCHEMA, TABLE_TYPE

[2020-11-13 15:19:46][AI^2][941021][MYSQL][]
SELECT TABLE_SCHEMA, TABLE_NAME, COLUMN_NAME, COLUMN_TYPE FROM information_schema.COLUMNS WHERE TABLE_SCHEMA = 'mdp_test_v231' ORDER BY TABLE_SCHEMA, TABLE_NAME

[2020-11-13 15:19:51][AI^2][941021][MYSQL][]
SELECT DISTINCT ROUTINE_SCHEMA, ROUTINE_NAME, PARAMS.PARAMETER FROM information_schema.ROUTINES LEFT JOIN ( SELECT SPECIFIC_SCHEMA, SPECIFIC_NAME, GROUP_CONCAT(CONCAT(DATA_TYPE, ' ', PARAMETER_NAME) ORDER BY ORDINAL_POSITION SEPARATOR ', ') PARAMETER, ROUTINE_TYPE FROM information_schema.PARAMETERS GROUP BY SPECIFIC_SCHEMA, SPECIFIC_NAME, ROUTINE_TYPE ) PARAMS ON ROUTINES.ROUTINE_SCHEMA = PARAMS.SPECIFIC_SCHEMA AND ROUTINES.ROUTINE_NAME = PARAMS.SPECIFIC_NAME AND ROUTINES.ROUTINE_TYPE = PARAMS.ROUTINE_TYPE WHERE ROUTINE_SCHEMA = 'mdp_test_v231' ORDER BY ROUTINE_SCHEMA

[2020-11-13 15:19:52][AI^2][941021][MYSQL][]
Cannot load from mysql.proc. The table is probably corrupted

[2020-11-13 15:19:54][AI^2][941022][MYSQL][]
SHOW FULL TABLES WHERE Table_type != 'VIEW'

[2020-11-13 15:19:57][AI^2][941021][MYSQL][]
SHOW TABLE STATUS

[2020-11-13 15:20:20][AI^2][941021][MYSQL][]
SELECT * FROM `mdp_test_v231`.`mdp_model` LIMIT 0,1000

[2020-11-13 15:20:23][AI^2][941022][MYSQL][]
SHOW COLUMNS FROM `mdp_test_v231`.`mdp_model`

[2020-11-13 15:20:24][AI^2][941021][MYSQL][]
SHOW TABLE STATUS LIKE 'mdp_model'

[2020-11-13 15:20:26][AI^2][941021][MYSQL][]
SHOW CREATE TABLE `mdp_test_v231`.`mdp_model`

[2020-11-13 15:20:30][AI^2][941021][MYSQL][]
SHOW TABLE STATUS LIKE 'mdp\_model'

[2020-11-13 15:20:33][AI^2][941021][MYSQL][]
SHOW CREATE TABLE `mdp_model` 

[2020-11-13 15:20:36][AI^2][941021][MYSQL][]
SHOW FULL COLUMNS FROM `mdp_model`

[2020-11-13 15:20:38][AI^2][941021][MYSQL][]
SHOW INDEX FROM `mdp_model`

[2020-11-13 15:20:41][AI^2][941021][MYSQL][]
SELECT ACTION_ORDER, EVENT_OBJECT_TABLE, TRIGGER_NAME, EVENT_MANIPULATION, EVENT_OBJECT_TABLE, DEFINER, ACTION_STATEMENT, ACTION_TIMING FROM information_schema.triggers WHERE BINARY event_object_schema = 'mdp_test_v231' AND BINARY event_object_table = 'mdp_model' ORDER BY event_object_table

[2020-11-13 15:20:46][AI^2][941021][MYSQL][]
SELECT TABLE_NAME, PARTITION_NAME, SUBPARTITION_NAME, PARTITION_METHOD, SUBPARTITION_METHOD, PARTITION_EXPRESSION, SUBPARTITION_EXPRESSION, PARTITION_DESCRIPTION, PARTITION_COMMENT, NODEGROUP, TABLESPACE_NAME FROM information_schema.PARTITIONS WHERE NOT ISNULL(PARTITION_NAME) AND TABLE_SCHEMA LIKE 'mdp_test_v231' AND TABLE_NAME LIKE 'mdp_model' ORDER BY TABLE_NAME, PARTITION_NAME, PARTITION_ORDINAL_POSITION, SUBPARTITION_ORDINAL_POSITION

[2020-11-13 15:20:49][AI^2][941021][MYSQL][]
SHOW CHARACTER SET

[2020-11-13 15:20:51][AI^2][941021][MYSQL][]
SHOW ENGINES

[2020-11-13 15:20:54][AI^2][941021][MYSQL][]
SHOW FULL TABLES WHERE Table_type != 'VIEW'

[2020-11-13 15:20:56][AI^2][941021][MYSQL][]
SELECT DISTINCT(TABLESPACE_NAME) AS TABLESPACE_NAME FROM information_schema.FILES WHERE NOT ISNULL(TABLESPACE_NAME) LIMIT 10000

[2020-11-13 15:20:59][AI^2][941021][MYSQL][]
SHOW CHARACTER SET

[2020-11-13 15:21:02][AI^2][941021][MYSQL][]
SHOW COLLATION

[2020-11-13 15:23:10][AI^2][941021][MYSQL][]
SELECT * FROM `mdp_test_v231`.`mdp_model_task` LIMIT 0,1000

[2020-11-13 15:23:12][AI^2][941022][MYSQL][]
SHOW COLUMNS FROM `mdp_test_v231`.`mdp_model_task`

[2020-11-13 15:23:13][AI^2][941021][MYSQL][]
SHOW TABLE STATUS LIKE 'mdp_model_task'

[2020-11-13 15:23:13][AI^2][941021][MYSQL][]
SHOW CREATE TABLE `mdp_test_v231`.`mdp_model_task`

[2020-11-13 15:23:57][AI^2][941021][MYSQL][]
SELECT * FROM `mdp_test_v231`.`mdp_model_confparams` LIMIT 0,1000

[2020-11-13 15:23:57][AI^2][941022][MYSQL][]
SHOW COLUMNS FROM `mdp_test_v231`.`mdp_model_confparams`

[2020-11-13 15:23:57][AI^2][941021][MYSQL][]
SHOW TABLE STATUS LIKE 'mdp_model_confparams'

[2020-11-13 15:23:57][AI^2][941021][MYSQL][]
SHOW CREATE TABLE `mdp_test_v231`.`mdp_model_confparams`

[2020-11-13 15:26:58][AI^2][941021][MYSQL][]
SELECT * FROM `mdp_test_v231`.`mdp_expert_model` LIMIT 0,1000

[2020-11-13 15:26:58][AI^2][941022][MYSQL][]
SHOW COLUMNS FROM `mdp_test_v231`.`mdp_expert_model`

[2020-11-13 15:26:58][AI^2][941021][MYSQL][]
SHOW TABLE STATUS LIKE 'mdp_expert_model'

[2020-11-13 15:26:58][AI^2][941021][MYSQL][]
SHOW CREATE TABLE `mdp_test_v231`.`mdp_expert_model`

